<?xml version="1.0" encoding="UTF-8"?>
<!-- Generated by org.testng.reporters.JUnitXMLReporter -->
<testsuite ignored="0" hostname="DESKTOP-8Q17HOT" failures="0" tests="3" name="Sanity test" time="0.016" errors="0" timestamp="2023-07-13T21:58:57 IST">
  <testcase classname="com.test.batchTesting.PaymentTest" name="payementinDollar" time="0.001"/>
  <testcase classname="com.test.batchTesting.PaymentTest" name="payementinRupees" time="0.002"/>
  <testcase classname="com.test.batchTesting.PaymentReturn" name="paymentReturnByBank" time="0.002"/>
</testsuite> <!-- Sanity test -->
