<?xml version="1.0" encoding="UTF-8"?>
<!-- Generated by org.testng.reporters.JUnitXMLReporter -->
<testsuite ignored="0" hostname="DESKTOP-8Q17HOT" failures="0" tests="6" name="Sanity test" time="0.115" errors="0" timestamp="2023-07-13T22:00:47 IST">
  <testcase classname="com.test.batchTesting.LoginTest" name="loginByEmail" time="0.011"/>
  <testcase classname="com.test.batchTesting.LoginTest" name="loginByFacebook" time="0.001"/>
  <testcase classname="com.test.batchTesting.LoginTest" name="loginByTwitter" time="0.001"/>
  <testcase classname="com.test.batchTesting.SignUpTest" name="signupByEmail" time="0.003"/>
  <testcase classname="com.test.batchTesting.SignUpTest" name="signupByFacebook" time="0.002"/>
  <testcase classname="com.test.batchTesting.SignUpTest" name="signupByTwitter" time="0.002"/>
</testsuite> <!-- Sanity test -->
