<?xml version="1.0" encoding="UTF-8"?>
<testng-results ignored="0" total="9" passed="9" failed="0" skipped="0">
  <reporter-output>
  </reporter-output>
  <suite started-at="2023-07-13T22:00:47 IST" name="Functional" finished-at="2023-07-13T22:00:47 IST" duration-ms="16">
    <groups>
    </groups>
    <test started-at="2023-07-13T22:00:47 IST" name="Functional test" finished-at="2023-07-13T22:00:47 IST" duration-ms="16">
      <class name="com.test.batchTesting.PaymentReturn">
        <test-method signature="paymentReturnByBank()[pri:0, instance:com.test.batchTesting.PaymentReturn@57a78e3]" started-at="2023-07-13T22:00:47 IST" name="paymentReturnByBank" finished-at="2023-07-13T22:00:47 IST" duration-ms="2" status="PASS">
          <reporter-output>
          </reporter-output>
        </test-method> <!-- paymentReturnByBank -->
      </class> <!-- com.test.batchTesting.PaymentReturn -->
      <class name="com.test.batchTesting.PaymentTest">
        <test-method signature="payementinDollar()[pri:0, instance:com.test.batchTesting.PaymentTest@4681c175]" started-at="2023-07-13T22:00:47 IST" name="payementinDollar" finished-at="2023-07-13T22:00:47 IST" duration-ms="2" status="PASS">
          <reporter-output>
          </reporter-output>
        </test-method> <!-- payementinDollar -->
        <test-method signature="payementinRupees()[pri:0, instance:com.test.batchTesting.PaymentTest@4681c175]" started-at="2023-07-13T22:00:47 IST" name="payementinRupees" finished-at="2023-07-13T22:00:47 IST" duration-ms="1" status="PASS">
          <reporter-output>
          </reporter-output>
        </test-method> <!-- payementinRupees -->
      </class> <!-- com.test.batchTesting.PaymentTest -->
    </test> <!-- Functional test -->
  </suite> <!-- Functional -->
  <suite started-at="2023-07-13T22:00:47 IST" name="Sanity" finished-at="2023-07-13T22:00:47 IST" duration-ms="115">
    <groups>
    </groups>
    <test started-at="2023-07-13T22:00:47 IST" name="Sanity test" finished-at="2023-07-13T22:00:47 IST" duration-ms="115">
      <class name="com.test.batchTesting.LoginTest">
        <test-method signature="loginByEmail()[pri:0, instance:com.test.batchTesting.LoginTest@738dc9b]" started-at="2023-07-13T22:00:47 IST" name="loginByEmail" finished-at="2023-07-13T22:00:47 IST" duration-ms="11" status="PASS">
          <reporter-output>
          </reporter-output>
        </test-method> <!-- loginByEmail -->
        <test-method signature="loginByFacebook()[pri:0, instance:com.test.batchTesting.LoginTest@738dc9b]" started-at="2023-07-13T22:00:47 IST" name="loginByFacebook" finished-at="2023-07-13T22:00:47 IST" duration-ms="1" status="PASS">
          <reporter-output>
          </reporter-output>
        </test-method> <!-- loginByFacebook -->
        <test-method signature="loginByTwitter()[pri:0, instance:com.test.batchTesting.LoginTest@738dc9b]" started-at="2023-07-13T22:00:47 IST" name="loginByTwitter" finished-at="2023-07-13T22:00:47 IST" duration-ms="1" status="PASS">
          <reporter-output>
          </reporter-output>
        </test-method> <!-- loginByTwitter -->
      </class> <!-- com.test.batchTesting.LoginTest -->
      <class name="com.test.batchTesting.SignUpTest">
        <test-method signature="signupByEmail()[pri:0, instance:com.test.batchTesting.SignUpTest@2a265ea9]" started-at="2023-07-13T22:00:47 IST" name="signupByEmail" finished-at="2023-07-13T22:00:47 IST" duration-ms="3" status="PASS">
          <reporter-output>
          </reporter-output>
        </test-method> <!-- signupByEmail -->
        <test-method signature="signupByFacebook()[pri:0, instance:com.test.batchTesting.SignUpTest@2a265ea9]" started-at="2023-07-13T22:00:47 IST" name="signupByFacebook" finished-at="2023-07-13T22:00:47 IST" duration-ms="2" status="PASS">
          <reporter-output>
          </reporter-output>
        </test-method> <!-- signupByFacebook -->
        <test-method signature="signupByTwitter()[pri:0, instance:com.test.batchTesting.SignUpTest@2a265ea9]" started-at="2023-07-13T22:00:47 IST" name="signupByTwitter" finished-at="2023-07-13T22:00:47 IST" duration-ms="2" status="PASS">
          <reporter-output>
          </reporter-output>
        </test-method> <!-- signupByTwitter -->
      </class> <!-- com.test.batchTesting.SignUpTest -->
    </test> <!-- Sanity test -->
  </suite> <!-- Sanity -->
  <suite started-at="2023-07-13T22:00:48 IST" name="Master test suite" finished-at="2023-07-13T22:00:48 IST" duration-ms="0">
    <groups>
    </groups>
  </suite> <!-- Master test suite -->
</testng-results>
